2025-01-24 13:54:57,114 - INFO - Determined use_ui: True
2025-01-24 13:54:57,114 - INFO - Initializing SBH Testing Framework.
2025-01-24 13:54:57,123 - INFO - Database initialized successfully.
2025-01-24 13:54:57,123 - INFO - Using solver at path: /mnt/c/Users/konrad_guest/CLionProjects/optymalizacja_kombinatoryczna/build/optymalizacja_kombinatoryczna
2025-01-24 13:54:57,124 - INFO - Validated solver path: /mnt/c/Users/konrad_guest/CLionProjects/optymalizacja_kombinatoryczna/build/optymalizacja_kombinatoryczna
2025-01-24 13:54:57,124 - INFO - Generating test cases as per --generate flag.
2025-01-24 13:54:57,130 - INFO - Created test directory at /mnt/c/Users/konrad_guest/CLionProjects/optymalizacja_kombinatoryczna/build/test_cases.
2025-01-24 13:54:57,132 - INFO - Validated solver path: /mnt/c/Users/konrad_guest/CLionProjects/optymalizacja_kombinatoryczna/build/optymalizacja_kombinatoryczna
2025-01-24 13:54:57,135 - INFO - Created directory for difficulty 'easy' at /mnt/c/Users/konrad_guest/CLionProjects/optymalizacja_kombinatoryczna/build/test_cases/easy.
2025-01-24 13:54:57,220 - INFO - Generated instance at /mnt/c/Users/konrad_guest/CLionProjects/optymalizacja_kombinatoryczna/build/test_cases/easy/test_1/instance.txt.
2025-01-24 13:54:57,348 - INFO - Generated instance at /mnt/c/Users/konrad_guest/CLionProjects/optymalizacja_kombinatoryczna/build/test_cases/easy/test_1/instance.txt.
2025-01-24 13:54:57,447 - INFO - Generated instance at /mnt/c/Users/konrad_guest/CLionProjects/optymalizacja_kombinatoryczna/build/test_cases/easy/test_1/instance.txt.
2025-01-24 13:54:57,534 - INFO - Generated instance at /mnt/c/Users/konrad_guest/CLionProjects/optymalizacja_kombinatoryczna/build/test_cases/easy/test_1/instance.txt.
2025-01-24 13:54:57,619 - INFO - Generated instance at /mnt/c/Users/konrad_guest/CLionProjects/optymalizacja_kombinatoryczna/build/test_cases/easy/test_2/instance.txt.
2025-01-24 13:54:57,709 - INFO - Generated instance at /mnt/c/Users/konrad_guest/CLionProjects/optymalizacja_kombinatoryczna/build/test_cases/easy/test_2/instance.txt.
2025-01-24 13:54:57,811 - INFO - Generated instance at /mnt/c/Users/konrad_guest/CLionProjects/optymalizacja_kombinatoryczna/build/test_cases/easy/test_2/instance.txt.
2025-01-24 13:54:57,902 - INFO - Generated instance at /mnt/c/Users/konrad_guest/CLionProjects/optymalizacja_kombinatoryczna/build/test_cases/easy/test_2/instance.txt.
2025-01-24 13:54:57,993 - INFO - Generated instance at /mnt/c/Users/konrad_guest/CLionProjects/optymalizacja_kombinatoryczna/build/test_cases/easy/test_3/instance.txt.
2025-01-24 13:54:58,085 - INFO - Generated instance at /mnt/c/Users/konrad_guest/CLionProjects/optymalizacja_kombinatoryczna/build/test_cases/easy/test_3/instance.txt.
2025-01-24 13:54:58,174 - INFO - Generated instance at /mnt/c/Users/konrad_guest/CLionProjects/optymalizacja_kombinatoryczna/build/test_cases/easy/test_3/instance.txt.
2025-01-24 13:54:58,261 - INFO - Generated instance at /mnt/c/Users/konrad_guest/CLionProjects/optymalizacja_kombinatoryczna/build/test_cases/easy/test_3/instance.txt.
2025-01-24 13:54:58,352 - INFO - Generated instance at /mnt/c/Users/konrad_guest/CLionProjects/optymalizacja_kombinatoryczna/build/test_cases/easy/test_4/instance.txt.
2025-01-24 13:54:58,444 - INFO - Generated instance at /mnt/c/Users/konrad_guest/CLionProjects/optymalizacja_kombinatoryczna/build/test_cases/easy/test_4/instance.txt.
2025-01-24 13:54:58,532 - INFO - Generated instance at /mnt/c/Users/konrad_guest/CLionProjects/optymalizacja_kombinatoryczna/build/test_cases/easy/test_4/instance.txt.
2025-01-24 13:54:58,620 - INFO - Generated instance at /mnt/c/Users/konrad_guest/CLionProjects/optymalizacja_kombinatoryczna/build/test_cases/easy/test_4/instance.txt.
2025-01-24 13:54:58,713 - INFO - Generated instance at /mnt/c/Users/konrad_guest/CLionProjects/optymalizacja_kombinatoryczna/build/test_cases/easy/test_5/instance.txt.
2025-01-24 13:54:58,803 - INFO - Generated instance at /mnt/c/Users/konrad_guest/CLionProjects/optymalizacja_kombinatoryczna/build/test_cases/easy/test_5/instance.txt.
2025-01-24 13:54:58,893 - INFO - Generated instance at /mnt/c/Users/konrad_guest/CLionProjects/optymalizacja_kombinatoryczna/build/test_cases/easy/test_5/instance.txt.
2025-01-24 13:54:58,984 - INFO - Generated instance at /mnt/c/Users/konrad_guest/CLionProjects/optymalizacja_kombinatoryczna/build/test_cases/easy/test_5/instance.txt.
2025-01-24 13:54:58,986 - INFO - Created directory for difficulty 'medium' at /mnt/c/Users/konrad_guest/CLionProjects/optymalizacja_kombinatoryczna/build/test_cases/medium.
2025-01-24 13:54:59,073 - INFO - Generated instance at /mnt/c/Users/konrad_guest/CLionProjects/optymalizacja_kombinatoryczna/build/test_cases/medium/test_1/instance.txt.
2025-01-24 13:54:59,159 - INFO - Generated instance at /mnt/c/Users/konrad_guest/CLionProjects/optymalizacja_kombinatoryczna/build/test_cases/medium/test_1/instance.txt.
2025-01-24 13:54:59,245 - INFO - Generated instance at /mnt/c/Users/konrad_guest/CLionProjects/optymalizacja_kombinatoryczna/build/test_cases/medium/test_1/instance.txt.
2025-01-24 13:54:59,323 - INFO - Generated instance at /mnt/c/Users/konrad_guest/CLionProjects/optymalizacja_kombinatoryczna/build/test_cases/medium/test_1/instance.txt.
2025-01-24 13:54:59,430 - INFO - Generated instance at /mnt/c/Users/konrad_guest/CLionProjects/optymalizacja_kombinatoryczna/build/test_cases/medium/test_2/instance.txt.
2025-01-24 13:54:59,511 - INFO - Generated instance at /mnt/c/Users/konrad_guest/CLionProjects/optymalizacja_kombinatoryczna/build/test_cases/medium/test_2/instance.txt.
2025-01-24 13:54:59,598 - INFO - Generated instance at /mnt/c/Users/konrad_guest/CLionProjects/optymalizacja_kombinatoryczna/build/test_cases/medium/test_2/instance.txt.
2025-01-24 13:54:59,680 - INFO - Generated instance at /mnt/c/Users/konrad_guest/CLionProjects/optymalizacja_kombinatoryczna/build/test_cases/medium/test_2/instance.txt.
2025-01-24 13:54:59,775 - INFO - Generated instance at /mnt/c/Users/konrad_guest/CLionProjects/optymalizacja_kombinatoryczna/build/test_cases/medium/test_3/instance.txt.
2025-01-24 13:54:59,856 - INFO - Generated instance at /mnt/c/Users/konrad_guest/CLionProjects/optymalizacja_kombinatoryczna/build/test_cases/medium/test_3/instance.txt.
2025-01-24 13:54:59,943 - INFO - Generated instance at /mnt/c/Users/konrad_guest/CLionProjects/optymalizacja_kombinatoryczna/build/test_cases/medium/test_3/instance.txt.
2025-01-24 13:55:00,021 - INFO - Generated instance at /mnt/c/Users/konrad_guest/CLionProjects/optymalizacja_kombinatoryczna/build/test_cases/medium/test_3/instance.txt.
2025-01-24 13:55:00,103 - INFO - Generated instance at /mnt/c/Users/konrad_guest/CLionProjects/optymalizacja_kombinatoryczna/build/test_cases/medium/test_4/instance.txt.
2025-01-24 13:55:00,184 - INFO - Generated instance at /mnt/c/Users/konrad_guest/CLionProjects/optymalizacja_kombinatoryczna/build/test_cases/medium/test_4/instance.txt.
2025-01-24 13:55:00,269 - INFO - Generated instance at /mnt/c/Users/konrad_guest/CLionProjects/optymalizacja_kombinatoryczna/build/test_cases/medium/test_4/instance.txt.
2025-01-24 13:55:00,354 - INFO - Generated instance at /mnt/c/Users/konrad_guest/CLionProjects/optymalizacja_kombinatoryczna/build/test_cases/medium/test_4/instance.txt.
2025-01-24 13:55:00,441 - INFO - Generated instance at /mnt/c/Users/konrad_guest/CLionProjects/optymalizacja_kombinatoryczna/build/test_cases/medium/test_5/instance.txt.
2025-01-24 13:55:00,523 - INFO - Generated instance at /mnt/c/Users/konrad_guest/CLionProjects/optymalizacja_kombinatoryczna/build/test_cases/medium/test_5/instance.txt.
2025-01-24 13:55:00,612 - INFO - Generated instance at /mnt/c/Users/konrad_guest/CLionProjects/optymalizacja_kombinatoryczna/build/test_cases/medium/test_5/instance.txt.
2025-01-24 13:55:00,694 - INFO - Generated instance at /mnt/c/Users/konrad_guest/CLionProjects/optymalizacja_kombinatoryczna/build/test_cases/medium/test_5/instance.txt.
2025-01-24 13:55:00,696 - INFO - Created directory for difficulty 'hard' at /mnt/c/Users/konrad_guest/CLionProjects/optymalizacja_kombinatoryczna/build/test_cases/hard.
2025-01-24 13:55:00,783 - INFO - Generated instance at /mnt/c/Users/konrad_guest/CLionProjects/optymalizacja_kombinatoryczna/build/test_cases/hard/test_1/instance.txt.
2025-01-24 13:55:00,863 - INFO - Generated instance at /mnt/c/Users/konrad_guest/CLionProjects/optymalizacja_kombinatoryczna/build/test_cases/hard/test_1/instance.txt.
2025-01-24 13:55:00,956 - INFO - Generated instance at /mnt/c/Users/konrad_guest/CLionProjects/optymalizacja_kombinatoryczna/build/test_cases/hard/test_1/instance.txt.
2025-01-24 13:55:01,038 - INFO - Generated instance at /mnt/c/Users/konrad_guest/CLionProjects/optymalizacja_kombinatoryczna/build/test_cases/hard/test_1/instance.txt.
2025-01-24 13:55:01,122 - INFO - Generated instance at /mnt/c/Users/konrad_guest/CLionProjects/optymalizacja_kombinatoryczna/build/test_cases/hard/test_2/instance.txt.
2025-01-24 13:55:01,203 - INFO - Generated instance at /mnt/c/Users/konrad_guest/CLionProjects/optymalizacja_kombinatoryczna/build/test_cases/hard/test_2/instance.txt.
2025-01-24 13:55:01,285 - INFO - Generated instance at /mnt/c/Users/konrad_guest/CLionProjects/optymalizacja_kombinatoryczna/build/test_cases/hard/test_2/instance.txt.
2025-01-24 13:55:01,373 - INFO - Generated instance at /mnt/c/Users/konrad_guest/CLionProjects/optymalizacja_kombinatoryczna/build/test_cases/hard/test_2/instance.txt.
2025-01-24 13:55:01,457 - INFO - Generated instance at /mnt/c/Users/konrad_guest/CLionProjects/optymalizacja_kombinatoryczna/build/test_cases/hard/test_3/instance.txt.
2025-01-24 13:55:01,543 - INFO - Generated instance at /mnt/c/Users/konrad_guest/CLionProjects/optymalizacja_kombinatoryczna/build/test_cases/hard/test_3/instance.txt.
2025-01-24 13:55:01,627 - INFO - Generated instance at /mnt/c/Users/konrad_guest/CLionProjects/optymalizacja_kombinatoryczna/build/test_cases/hard/test_3/instance.txt.
2025-01-24 13:55:01,714 - INFO - Generated instance at /mnt/c/Users/konrad_guest/CLionProjects/optymalizacja_kombinatoryczna/build/test_cases/hard/test_3/instance.txt.
2025-01-24 13:55:01,800 - INFO - Generated instance at /mnt/c/Users/konrad_guest/CLionProjects/optymalizacja_kombinatoryczna/build/test_cases/hard/test_4/instance.txt.
2025-01-24 13:55:01,880 - INFO - Generated instance at /mnt/c/Users/konrad_guest/CLionProjects/optymalizacja_kombinatoryczna/build/test_cases/hard/test_4/instance.txt.
2025-01-24 13:55:01,972 - INFO - Generated instance at /mnt/c/Users/konrad_guest/CLionProjects/optymalizacja_kombinatoryczna/build/test_cases/hard/test_4/instance.txt.
2025-01-24 13:55:02,058 - INFO - Generated instance at /mnt/c/Users/konrad_guest/CLionProjects/optymalizacja_kombinatoryczna/build/test_cases/hard/test_4/instance.txt.
2025-01-24 13:55:02,139 - INFO - Generated instance at /mnt/c/Users/konrad_guest/CLionProjects/optymalizacja_kombinatoryczna/build/test_cases/hard/test_5/instance.txt.
2025-01-24 13:55:02,221 - INFO - Generated instance at /mnt/c/Users/konrad_guest/CLionProjects/optymalizacja_kombinatoryczna/build/test_cases/hard/test_5/instance.txt.
2025-01-24 13:55:02,305 - INFO - Generated instance at /mnt/c/Users/konrad_guest/CLionProjects/optymalizacja_kombinatoryczna/build/test_cases/hard/test_5/instance.txt.
2025-01-24 13:55:02,387 - INFO - Generated instance at /mnt/c/Users/konrad_guest/CLionProjects/optymalizacja_kombinatoryczna/build/test_cases/hard/test_5/instance.txt.
2025-01-24 13:55:02,425 - INFO - All test cases generated and saved to the database.
2025-01-24 13:55:02,426 - INFO - Test cases generation completed.
